[debug] [2024-04-15T16:11:25.837Z] ----------------------------------------------------------------------
[debug] [2024-04-15T16:11:25.842Z] Command:       C:\Program Files\nodejs\node.exe C:\Users\HP\AppData\Roaming\npm\node_modules\firebase-tools\lib\bin\firebase.js init
[debug] [2024-04-15T16:11:25.843Z] CLI Version:   13.7.2
[debug] [2024-04-15T16:11:25.843Z] Platform:      win32
[debug] [2024-04-15T16:11:25.844Z] Node Version:  v20.12.2
[debug] [2024-04-15T16:11:25.844Z] Time:          Mon Apr 15 2024 17:11:25 GMT+0100 (West Africa Standard Time)
[debug] [2024-04-15T16:11:25.844Z] ----------------------------------------------------------------------
[debug] 
[debug] [2024-04-15T16:11:25.859Z] > command requires scopes: ["email","openid","https://www.googleapis.com/auth/cloudplatformprojects.readonly","https://www.googleapis.com/auth/firebase","https://www.googleapis.com/auth/cloud-platform"]
[debug] [2024-04-15T16:11:25.859Z] > authorizing via signed-in user (qayyumatsalman@gmail.com)
[info] 
     ######## #### ########  ######## ########     ###     ######  ########
     ##        ##  ##     ## ##       ##     ##  ##   ##  ##       ##
     ######    ##  ########  ######   ########  #########  ######  ######
     ##        ##  ##    ##  ##       ##     ## ##     ##       ## ##
     ##       #### ##     ## ######## ########  ##     ##  ######  ########

You're about to initialize a Firebase project in this directory:

  C:\Users\HP\Desktop\Clubhouse-clone\clubhouse-clone

[info] 
=== Project Setup
[info] 
[info] First, let's associate this project directory with a Firebase project.
[info] You can create multiple project aliases by running firebase use --add, 
[info] but for now we'll just set up a default project.
[info] 
[debug] [2024-04-15T16:11:59.695Z] > refreshing access token with scopes: []
[debug] [2024-04-15T16:11:59.700Z] >>> [apiv2][query] POST https://www.googleapis.com/oauth2/v3/token [none]
[debug] [2024-04-15T16:11:59.700Z] >>> [apiv2][body] POST https://www.googleapis.com/oauth2/v3/token [omitted]
[debug] [2024-04-15T16:12:00.579Z] <<< [apiv2][status] POST https://www.googleapis.com/oauth2/v3/token 200
[debug] [2024-04-15T16:12:00.579Z] <<< [apiv2][body] POST https://www.googleapis.com/oauth2/v3/token [omitted]
[debug] [2024-04-15T16:12:00.738Z] >>> [apiv2][query] GET https://firebase.googleapis.com/v1beta1/projects pageSize=100
[debug] [2024-04-15T16:12:01.822Z] <<< [apiv2][status] GET https://firebase.googleapis.com/v1beta1/projects 200
[debug] [2024-04-15T16:12:01.822Z] <<< [apiv2][body] GET https://firebase.googleapis.com/v1beta1/projects [omitted]
[info] i  Using project clubhouse-clone-ff21c (clubhouse-clone) 
[info] 
=== Database Setup
[info] i  database: ensuring required API firebasedatabase.googleapis.com is enabled... 
[debug] [2024-04-15T16:12:13.315Z] >>> [apiv2][query] GET https://serviceusage.googleapis.com/v1/projects/clubhouse-clone-ff21c/services/firebasedatabase.googleapis.com [none]
[debug] [2024-04-15T16:12:13.316Z] >>> [apiv2][(partial)header] GET https://serviceusage.googleapis.com/v1/projects/clubhouse-clone-ff21c/services/firebasedatabase.googleapis.com x-goog-quota-user=projects/clubhouse-clone-ff21c
[debug] [2024-04-15T16:12:15.035Z] <<< [apiv2][status] GET https://serviceusage.googleapis.com/v1/projects/clubhouse-clone-ff21c/services/firebasedatabase.googleapis.com 200
[debug] [2024-04-15T16:12:15.035Z] <<< [apiv2][body] GET https://serviceusage.googleapis.com/v1/projects/clubhouse-clone-ff21c/services/firebasedatabase.googleapis.com [omitted]
[info] +  database: required API firebasedatabase.googleapis.com is enabled 
[info] 
[debug] [2024-04-15T16:12:15.040Z] >>> [apiv2][query] GET https://firebasedatabase.googleapis.com/v1beta/projects/clubhouse-clone-ff21c/locations/-/instances/clubhouse-clone-ff21c-default-rtdb [none]
[debug] [2024-04-15T16:12:16.874Z] <<< [apiv2][status] GET https://firebasedatabase.googleapis.com/v1beta/projects/clubhouse-clone-ff21c/locations/-/instances/clubhouse-clone-ff21c-default-rtdb 200
[debug] [2024-04-15T16:12:16.875Z] <<< [apiv2][body] GET https://firebasedatabase.googleapis.com/v1beta/projects/clubhouse-clone-ff21c/locations/-/instances/clubhouse-clone-ff21c-default-rtdb {"name":"projects/604356934450/locations/asia-southeast1/instances/clubhouse-clone-ff21c-default-rtdb","project":"projects/604356934450","databaseUrl":"https://clubhouse-clone-ff21c-default-rtdb.asia-southeast1.firebasedatabase.app","type":"DEFAULT_DATABASE","state":"ACTIVE"}
[info] 
[info] Firebase Realtime Database Security Rules allow you to define how your data should be
[info] structured and when your data can be read from and written to.
[info] 
